#
# A fatal error has been detected by the Java Runtime Environment:
#
#  Internal Error (javaClasses.cpp:136), pid=4676, tid=8228
#  fatal error: Invalid layout of preloaded class
#
# JRE version:  (7.0_51-b13) (build )
# Java VM: Java HotSpot(TM) Client VM (24.51-b03 mixed mode windows-x86 )
# Failed to write core dump. Minidumps are not enabled by default on client versions of Windows
#
# If you would like to submit a bug report, please visit:
#   http://bugreport.sun.com/bugreport/crash.jsp
#

---------------  T H R E A D  ---------------

Current thread (0x009ac400):  JavaThread "Unknown thread" [_thread_in_vm, id=8228, stack(0x00750000,0x007a0000)]

Stack: [0x00750000,0x007a0000],  sp=0x0079f4ec,  free space=317k
Native frames: (J=compiled Java code, j=interpreted, Vv=VM code, C=native code)
V  [jvm.dll+0x18e0f1]
V  [jvm.dll+0x187e66]
V  [jvm.dll+0x3586a]
V  [jvm.dll+0x358f6]
V  [jvm.dll+0x4400d]
V  [jvm.dll+0x442be]
V  [jvm.dll+0x9263a]
V  [jvm.dll+0x929eb]
V  [jvm.dll+0x13dc51]
V  [jvm.dll+0x16076c]
V  [jvm.dll+0xc8ebf]
C  [javaw.exe+0x13ce]
C  [javaw.exe+0x1e40]
C  [javaw.exe+0xa5b1]
C  [javaw.exe+0xa63b]
C  [KERNEL32.DLL+0x28543]
C  [ntdll.dll+0x5ac69]
C  [ntdll.dll+0x5ac3c]


---------------  P R O C E S S  ---------------

Java Threads: ( => current thread )

Other Threads:

=>0x009ac400 (exited) JavaThread "Unknown thread" [_thread_in_vm, id=8228, stack(0x00750000,0x007a0000)]

VM state:not at safepoint (not fully initialized)

VM Mutex/Monitor currently owned by a thread: None

GC Heap History (0 events):
No events

Deoptimization events (0 events):
No events

Internal exceptions (0 events):
No events

Events (10 events):
Event: 0.081 loading class 0x007db468 done
Event: 0.081 loading class 0x007daef8 done
Event: 0.081 loading class 0x007daed8
Event: 0.081 loading class 0x007e2200
Event: 0.082 loading class 0x007e2200 done
Event: 0.082 loading class 0x007e2230
Event: 0.082 loading class 0x007e2230 done
Event: 0.082 loading class 0x007e2260
Event: 0.082 loading class 0x007e2260 done
Event: 0.082 loading class 0x007daed8 done


Dynamic libraries:
0x00ce0000 - 0x00d0f000 	C:\Program Files (x86)\Java\jre7\bin\javaw.exe
0x76ee0000 - 0x77037000 	C:\Windows\SYSTEM32\ntdll.dll
0x76870000 - 0x769a0000 	C:\Windows\SYSTEM32\KERNEL32.DLL
0x75b40000 - 0x75be6000 	C:\Windows\SYSTEM32\KERNELBASE.dll
0x76b10000 - 0x76bbe000 	C:\Windows\SYSTEM32\ADVAPI32.dll
0x761e0000 - 0x762f6000 	C:\Windows\SYSTEM32\USER32.dll
0x6b570000 - 0x6b767000 	C:\Windows\WinSxS\x86_microsoft.windows.common-controls_6595b64144ccf1df_6.0.9200.16384_none_893961408605e985\COMCTL32.dll
0x75870000 - 0x75921000 	C:\Windows\SYSTEM32\msvcrt.dll
0x75bf0000 - 0x75c24000 	C:\Windows\SYSTEM32\sechost.dll
0x76d50000 - 0x76dfc000 	C:\Windows\SYSTEM32\RPCRT4.dll
0x76510000 - 0x7660d000 	C:\Windows\SYSTEM32\GDI32.dll
0x74580000 - 0x7459c000 	C:\Windows\SYSTEM32\SspiCli.dll
0x74570000 - 0x74579000 	C:\Windows\SYSTEM32\CRYPTBASE.dll
0x74510000 - 0x74561000 	C:\Windows\SYSTEM32\bcryptPrimitives.dll
0x76e00000 - 0x76e20000 	C:\Windows\system32\IMM32.DLL
0x75d00000 - 0x75ddc000 	C:\Windows\SYSTEM32\MSCTF.dll
0x60800000 - 0x608bf000 	C:\Program Files (x86)\Java\jre7\bin\msvcr100.dll
0x56a00000 - 0x56d80000 	C:\Program Files (x86)\Java\jre7\bin\client\jvm.dll
0x74290000 - 0x74298000 	C:\Windows\SYSTEM32\WSOCK32.dll
0x722c0000 - 0x722e1000 	C:\Windows\SYSTEM32\WINMM.dll
0x745b0000 - 0x745b6000 	C:\Windows\SYSTEM32\PSAPI.DLL
0x75de0000 - 0x75e30000 	C:\Windows\SYSTEM32\WS2_32.dll
0x72290000 - 0x722ba000 	C:\Windows\SYSTEM32\WINMMBASE.dll
0x761d0000 - 0x761d8000 	C:\Windows\SYSTEM32\NSI.dll
0x6e7f0000 - 0x6e7fc000 	C:\Program Files (x86)\Java\jre7\bin\verify.dll
0x6bf50000 - 0x6bf70000 	C:\Program Files (x86)\Java\jre7\bin\java.dll
0x67380000 - 0x67393000 	C:\Program Files (x86)\Java\jre7\bin\zip.dll
0x6ed50000 - 0x6ee79000 	C:\Windows\SYSTEM32\dbghelp.dll

VM Arguments:
jvm_args: -Dfile.encoding=Cp1252 -Xbootclasspath:C:\Program Files\springsource\adt-bundle-windows-x86_64-20131030\sdk\platforms\android-19\android.jar 
java_command: com.prestamosMutualidades.beans.Cobro
Launcher Type: SUN_STANDARD

Environment Variables:
PATH=C:/Program Files (x86)/Java/jre7/bin/client;C:/Program Files (x86)/Java/jre7/bin;C:/Program Files (x86)/Java/jre7/lib/i386;C:\Python27\;C:\Python27\Scripts;C:\Program Files (x86)\Intel\iCLS Client\;C:\Program Files\Intel\iCLS Client\;C:\Windows\system32;C:\Windows;C:\Windows\System32\Wbem;C:\Windows\System32\WindowsPowerShell\v1.0\;C:\Program Files\Intel\Intel(R) Management Engine Components\DAL;C:\Program Files\Intel\Intel(R) Management Engine Components\IPT;C:\Program Files (x86)\Intel\Intel(R) Management Engine Components\DAL;C:\Program Files (x86)\Intel\Intel(R) Management Engine Components\IPT;C:\Program Files (x86)\Intel\OpenCL SDK\2.0\bin\x86;C:\Program Files (x86)\Intel\OpenCL SDK\2.0\bin\x64;C:\Program Files\nodejs\;C:\Users\gustavo\AppData\Roaming\Python\Scripts;C:\Users\gustavo\AppData\Roaming\npm;C:\Program Files\springsource\sts-3.4.0.RELEASE;
USERNAME=gustavo
OS=Windows_NT
PROCESSOR_IDENTIFIER=Intel64 Family 6 Model 42 Stepping 7, GenuineIntel



---------------  S Y S T E M  ---------------

OS: Windows 8 , 64 bit Build 9200 

CPU:total 4 (2 cores per cpu, 2 threads per core) family 6 model 42 stepping 7, cmov, cx8, fxsr, mmx, sse, sse2, sse3, ssse3, sse4.1, sse4.2, popcnt, avx, ht, tsc, tscinvbit

Memory: 4k page, physical 4053244k(1039068k free), swap 6019504k(1860908k free)

vm_info: Java HotSpot(TM) Client VM (24.51-b03) for windows-x86 JRE (1.7.0_51-b13), built on Dec 18 2013 19:09:58 by "java_re" with unknown MS VC++:1600

time: Fri Mar 28 00:43:46 2014
elapsed time: 0 seconds

